<?xml version="1.0" encoding="UTF-8"?>
<!-- Generated by org.testng.reporters.JUnitXMLReporter -->
<testsuite hostname="naveen" ignored="0" name="Default test" tests="5" failures="0" timestamp="31 Jan 2019 06:52:28 GMT" time="335.532" errors="0">
  <testcase name="testApp" time="0.008" classname="com.dropdown.testtask.AppTest"/>
  <testcase name="navigatingtourl" time="2.346" classname="com.dropdown.testtask.Dropdowntest"/>
  <testcase name="checkloginfunctionality" time="1.363" classname="com.dropdown.testtask.Dropdowntest"/>
  <testcase name="navigatetocheckprofilestatus" time="1.641" classname="com.dropdown.testtask.Dropdowntest"/>
  <testcase name="handledropdown" time="318.658" classname="com.dropdown.testtask.Dropdowntest"/>
</testsuite> <!-- Default test -->
