<?xml version="1.0" encoding="UTF-8"?>
<testng-results skipped="0" failed="0" total="1" passed="1">
  <reporter-output>
  </reporter-output>
  <suite name="Surefire suite" duration-ms="16" started-at="2019-01-31T06:57:35Z" finished-at="2019-01-31T06:57:36Z">
    <groups>
    </groups>
    <test name="Surefire test" duration-ms="16" started-at="2019-01-31T06:57:35Z" finished-at="2019-01-31T06:57:36Z">
      <class name="com.dropdown.testtask.AppTest">
        <test-method status="PASS" signature="testApp()[pri:0, instance:com.dropdown.testtask.AppTest@506e6d5e]" name="testApp" duration-ms="7" started-at="2019-01-31T12:27:36Z" finished-at="2019-01-31T12:27:36Z">
          <reporter-output>
          </reporter-output>
        </test-method> <!-- testApp -->
      </class> <!-- com.dropdown.testtask.AppTest -->
    </test> <!-- Surefire test -->
  </suite> <!-- Surefire suite -->
</testng-results>
